{
  "RSpec": {
    "coverage": {
      "/home/industrious-chip-8083/tic-tac-toe-rb-ruby-intro-000/lib/tic_tac_toe.rb": [
        1,
        24,
        24,
        24,
        24,
        24,
        null,
        null,
        1,
        23,
        null,
        null,
        1,
        22,
        null,
        null,
        null,
        1,
        25,
        null,
        null,
        1,
        23,
        null,
        null,
        1,
        27,
        27,
        243,
        43,
        null,
        null,
        27,
        null,
        null,
        1,
        20,
        14,
        6,
        6,
        null,
        null,
        null,
        1,
        20,
        20,
        20,
        20,
        19,
        19,
        null,
        1,
        null,
        null,
        null,
        null,
        null,
        null,
        null,
        null,
        null,
        null,
        null,
        null,
        null,
        1,
        null,
        null,
        null,
        null,
        null,
        null,
        null,
        null,
        null,
        null,
        1,
        96,
        642,
        642,
        642,
        null,
        null,
        642,
        642,
        642,
        null,
        null,
        642,
        21,
        621,
        6,
        null,
        null,
        69,
        null,
        null,
        1,
        40,
        31,
        null,
        9,
        null,
        null,
        null,
        1,
        27,
        7,
        20,
        6,
        14,
        null,
        null,
        null,
        1,
        21,
        10,
        null,
        11,
        null,
        null,
        null,
        1,
        3,
        3,
        3,
        null,
        2,
        1,
        1,
        1,
        null,
        null,
        null,
        null,
        1,
        12,
        17,
        null,
        12,
        1,
        11,
        11,
        null,
        null,
        null,
        null,
        null
      ]
    },
    "timestamp": 1604293330
  }
}
