{
  "RSpec": {
    "coverage": {
      "/home/industrious-chip-8083/tic-tac-toe-rb-ruby-intro-000/lib/tic_tac_toe.rb": [
        1,
        26,
        26,
        26,
        26,
        26,
        null,
        null,
        1,
        18655,
        null,
        null,
        1,
        25,
        null,
        null,
        null,
        1,
        18657,
        null,
        null,
        1,
        18655,
        null,
        null,
        1,
        18657,
        18655,
        18652,
        18652,
        21,
        21,
        null,
        18631,
        null,
        null,
        null,
        null,
        null,
        null,
        null,
        null,
        null,
        null,
        null,
        null,
        null,
        1,
        null,
        null,
        null,
        null,
        null,
        null,
        null,
        null,
        null,
        null,
        1,
        40,
        259,
        259,
        259,
        null,
        null,
        259,
        259,
        259,
        null,
        null,
        259,
        13,
        246,
        2,
        null,
        null,
        25,
        null,
        null,
        1,
        9,
        4,
        null,
        5,
        null,
        null,
        null,
        1,
        7,
        3,
        4,
        1,
        3,
        null,
        null,
        null,
        1,
        3,
        2,
        null,
        1,
        null,
        null,
        null,
        1,
        3,
        3,
        3,
        null,
        2,
        1,
        1,
        1,
        null,
        null,
        null,
        1,
        12,
        12,
        26,
        19,
        5,
        null,
        14,
        null,
        null,
        null,
        null,
        null,
        null
      ]
    },
    "timestamp": 1604292223
  }
}
